# JRE version: 7.0_05-b05
# Java VM: Java HotSpot(TM) Client VM (23.1-b03 mixed mode linux-x86 )
Heap
 def new generation   total 21312K, used 3489K [0x84910000, 0x86020000, 0x8f3b0000)
  eden space 19008K,  12% used [0x84910000, 0x84b74390, 0x85ba0000)
  from space 2304K,  45% used [0x85ba0000, 0x85ca4240, 0x85de0000)
  to   space 2304K,   0% used [0x85de0000, 0x85de0000, 0x86020000)
 tenured generation   total 47076K, used 29439K [0x8f3b0000, 0x921a9000, 0xa4910000)
   the space 47076K,  62% used [0x8f3b0000, 0x9106fce0, 0x9106fe00, 0x921a9000)
 compacting perm gen  total 38144K, used 37918K [0xa4910000, 0xa6e50000, 0xb4910000)
   the space 38144K,  99% used [0xa4910000, 0xa6e17af0, 0xa6e17c00, 0xa6e50000)
GC Heap History (10 events):
Event: 23.049 GC heap before
{Heap before GC invocations=27 (full 5):
 def new generation   total 19712K, used 10003K [0x84910000, 0x85e70000, 0x8f3b0000)
  eden space 17536K,  44% used [0x84910000, 0x850b4f10, 0x85a30000)
  from space 2176K, 100% used [0x85c50000, 0x85e70000, 0x85e70000)
  to   space 2176K,   0% used [0x85a30000, 0x85a30000, 0x85c50000)
 tenured generation   total 43540K, used 29850K [0x8f3b0000, 0x91e35000, 0xa4910000)
   the space 43540K,  68% used [0x8f3b0000, 0x910d6ad8, 0x910d6c00, 0x91e35000)
 compacting perm gen  total 36864K, used 36863K [0xa4910000, 0xa6d10000, 0xb4910000)
   the space 36864K,  99% used [0xa4910000, 0xa6d0ffe0, 0xa6d10000, 0xa6d10000)
No shared spaces configured.
Event: 23.217 GC heap after
Heap after GC invocations=28 (full 6):
 def new generation   total 21312K, used 0K [0x84910000, 0x86020000, 0x8f3b0000)
  eden space 19008K,   0% used [0x84910000, 0x84910000, 0x85ba0000)
  from space 2304K,   0% used [0x85ba0000, 0x85ba0000, 0x85de0000)
  to   space 2304K,   0% used [0x85de0000, 0x85de0000, 0x86020000)
 tenured generation   total 47076K, used 28243K [0x8f3b0000, 0x921a9000, 0xa4910000)
   the space 47076K,  59% used [0x8f3b0000, 0x90f44d40, 0x90f44e00, 0x921a9000)
 compacting perm gen  total 36864K, used 36863K [0xa4910000, 0xa6d10000, 0xb4910000)
   the space 36864K,  99% used [0xa4910000, 0xa6d0ffe0, 0xa6d10000, 0xa6d10000)
No shared spaces configured.
}
Event: 23.526 GC heap before
{Heap before GC invocations=28 (full 6):
 def new generation   total 21312K, used 19008K [0x84910000, 0x86020000, 0x8f3b0000)
  eden space 19008K, 100% used [0x84910000, 0x85ba0000, 0x85ba0000)
  from space 2304K,   0% used [0x85ba0000, 0x85ba0000, 0x85de0000)
  to   space 2304K,   0% used [0x85de0000, 0x85de0000, 0x86020000)
 tenured generation   total 47076K, used 28243K [0x8f3b0000, 0x921a9000, 0xa4910000)
   the space 47076K,  59% used [0x8f3b0000, 0x90f44d40, 0x90f44e00, 0x921a9000)
 compacting perm gen  total 37632K, used 37499K [0xa4910000, 0xa6dd0000, 0xb4910000)
   the space 37632K,  99% used [0xa4910000, 0xa6daeeb0, 0xa6daf000, 0xa6dd0000)
No shared spaces configured.
Event: 23.538 GC heap after
Heap after GC invocations=29 (full 6):
 def new generation   total 21312K, used 2117K [0x84910000, 0x86020000, 0x8f3b0000)
  eden space 19008K,   0% used [0x84910000, 0x84910000, 0x85ba0000)
  from space 2304K,  91% used [0x85de0000, 0x85ff1580, 0x86020000)
  to   space 2304K,   0% used [0x85ba0000, 0x85ba0000, 0x85de0000)
 tenured generation   total 47076K, used 28243K [0x8f3b0000, 0x921a9000, 0xa4910000)
   the space 47076K,  59% used [0x8f3b0000, 0x90f44d40, 0x90f44e00, 0x921a9000)
 compacting perm gen  total 37632K, used 37499K [0xa4910000, 0xa6dd0000, 0xb4910000)
   the space 37632K,  99% used [0xa4910000, 0xa6daeeb0, 0xa6daf000, 0xa6dd0000)
No shared spaces configured.
}
Event: 23.737 GC heap before
{Heap before GC invocations=29 (full 6):
 def new generation   total 21312K, used 21125K [0x84910000, 0x86020000, 0x8f3b0000)
  eden space 19008K, 100% used [0x84910000, 0x85ba0000, 0x85ba0000)
  from space 2304K,  91% used [0x85de0000, 0x85ff1580, 0x86020000)
  to   space 2304K,   0% used [0x85ba0000, 0x85ba0000, 0x85de0000)
 tenured generation   total 47076K, used 28243K [0x8f3b0000, 0x921a9000, 0xa4910000)
   the space 47076K,  59% used [0x8f3b0000, 0x90f44d40, 0x90f44e00, 0x921a9000)
 compacting perm gen  total 37632K, used 37508K [0xa4910000, 0xa6dd0000, 0xb4910000)
   the space 37632K,  99% used [0xa4910000, 0xa6db1250, 0xa6db1400, 0xa6dd0000)
No shared spaces configured.
Event: 23.747 GC heap after
Heap after GC invocations=30 (full 6):
 def new generation   total 21312K, used 610K [0x84910000, 0x86020000, 0x8f3b0000)
  eden space 19008K,   0% used [0x84910000, 0x84910000, 0x85ba0000)
  from space 2304K,  26% used [0x85ba0000, 0x85c389b8, 0x85de0000)
  to   space 2304K,   0% used [0x85de0000, 0x85de0000, 0x86020000)
 tenured generation   total 47076K, used 29439K [0x8f3b0000, 0x921a9000, 0xa4910000)
   the space 47076K,  62% used [0x8f3b0000, 0x9106fce0, 0x9106fe00, 0x921a9000)
 compacting perm gen  total 37632K, used 37508K [0xa4910000, 0xa6dd0000, 0xb4910000)
   the space 37632K,  99% used [0xa4910000, 0xa6db1250, 0xa6db1400, 0xa6dd0000)
No shared spaces configured.
}
Event: 23.860 GC heap before
{Heap before GC invocations=30 (full 6):
 def new generation   total 21312K, used 19618K [0x84910000, 0x86020000, 0x8f3b0000)
  eden space 19008K, 100% used [0x84910000, 0x85ba0000, 0x85ba0000)
  from space 2304K,  26% used [0x85ba0000, 0x85c389b8, 0x85de0000)
  to   space 2304K,   0% used [0x85de0000, 0x85de0000, 0x86020000)
 tenured generation   total 47076K, used 29439K [0x8f3b0000, 0x921a9000, 0xa4910000)
   the space 47076K,  62% used [0x8f3b0000, 0x9106fce0, 0x9106fe00, 0x921a9000)
 compacting perm gen  total 37632K, used 37519K [0xa4910000, 0xa6dd0000, 0xb4910000)
   the space 37632K,  99% used [0xa4910000, 0xa6db3f50, 0xa6db4000, 0xa6dd0000)
No shared spaces configured.
Event: 23.865 GC heap after
Heap after GC invocations=31 (full 6):
 def new generation   total 21312K, used 879K [0x84910000, 0x86020000, 0x8f3b0000)
  eden space 19008K,   0% used [0x84910000, 0x84910000, 0x85ba0000)
  from space 2304K,  38% used [0x85de0000, 0x85ebbe00, 0x86020000)
  to   space 2304K,   0% used [0x85ba0000, 0x85ba0000, 0x85de0000)
 tenured generation   total 47076K, used 29439K [0x8f3b0000, 0x921a9000, 0xa4910000)
   the space 47076K,  62% used [0x8f3b0000, 0x9106fce0, 0x9106fe00, 0x921a9000)
 compacting perm gen  total 37632K, used 37519K [0xa4910000, 0xa6dd0000, 0xb4910000)
   the space 37632K,  99% used [0xa4910000, 0xa6db3f50, 0xa6db4000, 0xa6dd0000)
No shared spaces configured.
}
Event: 27.794 GC heap before
{Heap before GC invocations=31 (full 6):
 def new generation   total 21312K, used 19887K [0x84910000, 0x86020000, 0x8f3b0000)
  eden space 19008K, 100% used [0x84910000, 0x85ba0000, 0x85ba0000)
  from space 2304K,  38% used [0x85de0000, 0x85ebbe00, 0x86020000)
  to   space 2304K,   0% used [0x85ba0000, 0x85ba0000, 0x85de0000)
 tenured generation   total 47076K, used 29439K [0x8f3b0000, 0x921a9000, 0xa4910000)
   the space 47076K,  62% used [0x8f3b0000, 0x9106fce0, 0x9106fe00, 0x921a9000)
 compacting perm gen  total 37632K, used 37535K [0xa4910000, 0xa6dd0000, 0xb4910000)
   the space 37632K,  99% used [0xa4910000, 0xa6db7cb8, 0xa6db7e00, 0xa6dd0000)
No shared spaces configured.
Event: 27.806 GC heap after
Heap after GC invocations=32 (full 6):
 def new generation   total 21312K, used 1040K [0x84910000, 0x86020000, 0x8f3b0000)
  eden space 19008K,   0% used [0x84910000, 0x84910000, 0x85ba0000)
  from space 2304K,  45% used [0x85ba0000, 0x85ca4240, 0x85de0000)
  to   space 2304K,   0% used [0x85de0000, 0x85de0000, 0x86020000)
 tenured generation   total 47076K, used 29439K [0x8f3b0000, 0x921a9000, 0xa4910000)
   the space 47076K,  62% used [0x8f3b0000, 0x9106fce0, 0x9106fe00, 0x921a9000)
 compacting perm gen  total 37632K, used 37535K [0xa4910000, 0xa6dd0000, 0xb4910000)
   the space 37632K,  99% used [0xa4910000, 0xa6db7cb8, 0xa6db7e00, 0xa6dd0000)
No shared spaces configured.
}

